This file contains any messages produced by compilers while
running configure, to aid debugging if configure makes a mistake.

It was created by primesieve configure 5.2, which was
generated by GNU Autoconf 2.69.  Invocation command line was

  $ ./configure --prefix=/home/jwright/workspaces/school/cse539-project-2/dependencies

## --------- ##
## Platform. ##
## --------- ##

hostname = jwright-awesome-sauce
uname -m = x86_64
uname -r = 3.2.0-4-amd64
uname -s = Linux
uname -v = #1 SMP Debian 3.2.54-2

/usr/bin/uname -p = unknown
/bin/uname -X     = unknown

/bin/arch              = unknown
/usr/bin/arch -k       = unknown
/usr/convex/getsysinfo = unknown
/usr/bin/hostinfo      = unknown
/bin/machine           = unknown
/usr/bin/oslevel       = unknown
/bin/universe          = unknown

PATH: /home/jwright/bin
PATH: /usr/sbin
PATH: /sbin
PATH: /usr/local/bin
PATH: /usr/bin
PATH: /bin
PATH: /usr/local/games
PATH: /usr/games


## ----------- ##
## Core tests. ##
## ----------- ##

configure:2321: checking for a BSD-compatible install
configure:2389: result: /usr/bin/install -c
configure:2400: checking whether build environment is sane
configure:2455: result: yes
configure:2606: checking for a thread-safe mkdir -p
configure:2645: result: /bin/mkdir -p
configure:2652: checking for gawk
configure:2682: result: no
configure:2652: checking for mawk
configure:2668: found /usr/bin/mawk
configure:2679: result: mawk
configure:2690: checking whether make sets $(MAKE)
configure:2712: result: yes
configure:2741: checking whether make supports nested variables
configure:2758: result: yes
configure:2890: checking for gcc
configure:2906: found /usr/bin/gcc
configure:2917: result: gcc
configure:3146: checking for C compiler version
configure:3155: gcc --version >&5
gcc (Debian 4.7.2-5) 4.7.2
Copyright (C) 2012 Free Software Foundation, Inc.
This is free software; see the source for copying conditions.  There is NO
warranty; not even for MERCHANTABILITY or FITNESS FOR A PARTICULAR PURPOSE.

configure:3166: $? = 0
configure:3155: gcc -v >&5
Using built-in specs.
COLLECT_GCC=gcc
COLLECT_LTO_WRAPPER=/usr/lib/gcc/x86_64-linux-gnu/4.7/lto-wrapper
Target: x86_64-linux-gnu
Configured with: ../src/configure -v --with-pkgversion='Debian 4.7.2-5' --with-bugurl=file:///usr/share/doc/gcc-4.7/README.Bugs --enable-languages=c,c++,go,fortran,objc,obj-c++ --prefix=/usr --program-suffix=-4.7 --enable-shared --enable-linker-build-id --with-system-zlib --libexecdir=/usr/lib --without-included-gettext --enable-threads=posix --with-gxx-include-dir=/usr/include/c++/4.7 --libdir=/usr/lib --enable-nls --with-sysroot=/ --enable-clocale=gnu --enable-libstdcxx-debug --enable-libstdcxx-time=yes --enable-gnu-unique-object --enable-plugin --enable-objc-gc --with-arch-32=i586 --with-tune=generic --enable-checking=release --build=x86_64-linux-gnu --host=x86_64-linux-gnu --target=x86_64-linux-gnu
Thread model: posix
gcc version 4.7.2 (Debian 4.7.2-5) 
configure:3166: $? = 0
configure:3155: gcc -V >&5
gcc: error: unrecognized command line option '-V'
gcc: fatal error: no input files
compilation terminated.
configure:3166: $? = 4
configure:3155: gcc -qversion >&5
gcc: error: unrecognized command line option '-qversion'
gcc: fatal error: no input files
compilation terminated.
configure:3166: $? = 4
configure:3186: checking whether the C compiler works
configure:3208: gcc    conftest.c  >&5
configure:3212: $? = 0
configure:3260: result: yes
configure:3263: checking for C compiler default output file name
configure:3265: result: a.out
configure:3271: checking for suffix of executables
configure:3278: gcc -o conftest    conftest.c  >&5
configure:3282: $? = 0
configure:3304: result: 
configure:3326: checking whether we are cross compiling
configure:3334: gcc -o conftest    conftest.c  >&5
configure:3338: $? = 0
configure:3345: ./conftest
configure:3349: $? = 0
configure:3364: result: no
configure:3369: checking for suffix of object files
configure:3391: gcc -c   conftest.c >&5
configure:3395: $? = 0
configure:3416: result: o
configure:3420: checking whether we are using the GNU C compiler
configure:3439: gcc -c   conftest.c >&5
configure:3439: $? = 0
configure:3448: result: yes
configure:3457: checking whether gcc accepts -g
configure:3477: gcc -c -g  conftest.c >&5
configure:3477: $? = 0
configure:3518: result: yes
configure:3535: checking for gcc option to accept ISO C89
configure:3598: gcc  -c -g -O2  conftest.c >&5
configure:3598: $? = 0
configure:3611: result: none needed
configure:3642: checking for style of include used by make
configure:3670: result: GNU
configure:3696: checking dependency style of gcc
configure:3807: result: gcc3
configure:3880: checking for g++
configure:3896: found /usr/bin/g++
configure:3907: result: g++
configure:3934: checking for C++ compiler version
configure:3943: g++ --version >&5
g++ (Debian 4.7.2-5) 4.7.2
Copyright (C) 2012 Free Software Foundation, Inc.
This is free software; see the source for copying conditions.  There is NO
warranty; not even for MERCHANTABILITY or FITNESS FOR A PARTICULAR PURPOSE.

configure:3954: $? = 0
configure:3943: g++ -v >&5
Using built-in specs.
COLLECT_GCC=g++
COLLECT_LTO_WRAPPER=/usr/lib/gcc/x86_64-linux-gnu/4.7/lto-wrapper
Target: x86_64-linux-gnu
Configured with: ../src/configure -v --with-pkgversion='Debian 4.7.2-5' --with-bugurl=file:///usr/share/doc/gcc-4.7/README.Bugs --enable-languages=c,c++,go,fortran,objc,obj-c++ --prefix=/usr --program-suffix=-4.7 --enable-shared --enable-linker-build-id --with-system-zlib --libexecdir=/usr/lib --without-included-gettext --enable-threads=posix --with-gxx-include-dir=/usr/include/c++/4.7 --libdir=/usr/lib --enable-nls --with-sysroot=/ --enable-clocale=gnu --enable-libstdcxx-debug --enable-libstdcxx-time=yes --enable-gnu-unique-object --enable-plugin --enable-objc-gc --with-arch-32=i586 --with-tune=generic --enable-checking=release --build=x86_64-linux-gnu --host=x86_64-linux-gnu --target=x86_64-linux-gnu
Thread model: posix
gcc version 4.7.2 (Debian 4.7.2-5) 
configure:3954: $? = 0
configure:3943: g++ -V >&5
g++: error: unrecognized command line option '-V'
g++: fatal error: no input files
compilation terminated.
configure:3954: $? = 4
configure:3943: g++ -qversion >&5
g++: error: unrecognized command line option '-qversion'
g++: fatal error: no input files
compilation terminated.
configure:3954: $? = 4
configure:3958: checking whether we are using the GNU C++ compiler
configure:3977: g++ -c   conftest.cpp >&5
configure:3977: $? = 0
configure:3986: result: yes
configure:3995: checking whether g++ accepts -g
configure:4015: g++ -c -g  conftest.cpp >&5
configure:4015: $? = 0
configure:4056: result: yes
configure:4081: checking dependency style of g++
configure:4192: result: gcc3
configure:4216: checking for g++ option to support OpenMP
configure:4231: g++ -o conftest -g -O2   conftest.cpp  >&5
conftest.cpp:13:2: error: 'choke' does not name a type
In file included from conftest.cpp:15:0:
/usr/lib/gcc/x86_64-linux-gnu/4.7/include/omp.h:38:3: error: 'omp_lock_t' does not name a type
/usr/lib/gcc/x86_64-linux-gnu/4.7/include/omp.h:76:28: error: variable or field 'omp_init_lock' declared void
/usr/lib/gcc/x86_64-linux-gnu/4.7/include/omp.h:76:28: error: 'omp_lock_t' was not declared in this scope
/usr/lib/gcc/x86_64-linux-gnu/4.7/include/omp.h:76:40: error: expected primary-expression before ')' token
/usr/lib/gcc/x86_64-linux-gnu/4.7/include/omp.h:77:31: error: variable or field 'omp_destroy_lock' declared void
/usr/lib/gcc/x86_64-linux-gnu/4.7/include/omp.h:77:31: error: 'omp_lock_t' was not declared in this scope
/usr/lib/gcc/x86_64-linux-gnu/4.7/include/omp.h:77:43: error: expected primary-expression before ')' token
/usr/lib/gcc/x86_64-linux-gnu/4.7/include/omp.h:78:27: error: variable or field 'omp_set_lock' declared void
/usr/lib/gcc/x86_64-linux-gnu/4.7/include/omp.h:78:27: error: 'omp_lock_t' was not declared in this scope
/usr/lib/gcc/x86_64-linux-gnu/4.7/include/omp.h:78:39: error: expected primary-expression before ')' token
/usr/lib/gcc/x86_64-linux-gnu/4.7/include/omp.h:79:29: error: variable or field 'omp_unset_lock' declared void
/usr/lib/gcc/x86_64-linux-gnu/4.7/include/omp.h:79:29: error: 'omp_lock_t' was not declared in this scope
/usr/lib/gcc/x86_64-linux-gnu/4.7/include/omp.h:79:41: error: expected primary-expression before ')' token
/usr/lib/gcc/x86_64-linux-gnu/4.7/include/omp.h:80:27: error: 'omp_lock_t' was not declared in this scope
/usr/lib/gcc/x86_64-linux-gnu/4.7/include/omp.h:80:39: error: expected primary-expression before ')' token
/usr/lib/gcc/x86_64-linux-gnu/4.7/include/omp.h:80:41: error: expected ',' or ';' before 'throw'
configure:4231: $? = 1
configure: failed program was:
| /* confdefs.h */
| #define PACKAGE_NAME "primesieve"
| #define PACKAGE_TARNAME "primesieve"
| #define PACKAGE_VERSION "5.2"
| #define PACKAGE_STRING "primesieve 5.2"
| #define PACKAGE_BUGREPORT "kim.walisch@gmail.com"
| #define PACKAGE_URL ""
| #define PACKAGE "primesieve"
| #define VERSION "5.2"
| /* end confdefs.h.  */
| 
| #ifndef _OPENMP
|  choke me
| #endif
| #include <omp.h>
| int main () { return omp_get_num_threads (); }
| 
configure:4249: g++ -o conftest -g -O2 -fopenmp   conftest.cpp  >&5
configure:4249: $? = 0
configure:4263: result: -fopenmp
configure:4278: checking build system type
configure:4292: result: x86_64-unknown-linux-gnu
configure:4312: checking host system type
configure:4325: result: x86_64-unknown-linux-gnu
configure:4394: checking for ar
configure:4410: found /usr/bin/ar
configure:4421: result: ar
configure:4447: checking the archiver (ar) interface
configure:4457: g++ -c -g -O2  conftest.cpp >&5
configure:4457: $? = 0
configure:4459: ar cru libconftest.a conftest.o >&5
configure:4462: $? = 0
configure:4485: result: ar
configure:4507: checking whether gcc and cc understand -c and -o together
configure:4538: gcc -c conftest.cpp -o conftest2.o >&5
configure:4542: $? = 0
configure:4548: gcc -c conftest.cpp -o conftest2.o >&5
configure:4552: $? = 0
configure:4563: cc -c conftest.cpp >&5
configure:4567: $? = 0
configure:4575: cc -c conftest.cpp -o conftest2.o >&5
configure:4579: $? = 0
configure:4585: cc -c conftest.cpp -o conftest2.o >&5
configure:4589: $? = 0
configure:4607: result: yes
configure:4678: checking how to print strings
configure:4705: result: printf
configure:4726: checking for a sed that does not truncate output
configure:4790: result: /bin/sed
configure:4808: checking for grep that handles long lines and -e
configure:4866: result: /bin/grep
configure:4871: checking for egrep
configure:4933: result: /bin/grep -E
configure:4938: checking for fgrep
configure:5000: result: /bin/grep -F
configure:5035: checking for ld used by gcc
configure:5102: result: /usr/bin/ld
configure:5109: checking if the linker (/usr/bin/ld) is GNU ld
configure:5124: result: yes
configure:5136: checking for BSD- or MS-compatible name lister (nm)
configure:5185: result: /usr/bin/nm -B
configure:5315: checking the name lister (/usr/bin/nm -B) interface
configure:5322: g++ -c -g -O2  conftest.cpp >&5
configure:5325: /usr/bin/nm -B "conftest.o"
configure:5328: output
0000000000000000 B some_variable
configure:5335: result: BSD nm
configure:5338: checking whether ln -s works
configure:5342: result: yes
configure:5350: checking the maximum length of command line arguments
configure:5480: result: 3458764513820540925
configure:5497: checking whether the shell understands some XSI constructs
configure:5507: result: yes
configure:5511: checking whether the shell understands "+="
configure:5517: result: yes
configure:5552: checking how to convert x86_64-unknown-linux-gnu file names to x86_64-unknown-linux-gnu format
configure:5592: result: func_convert_file_noop
configure:5599: checking how to convert x86_64-unknown-linux-gnu file names to toolchain format
configure:5619: result: func_convert_file_noop
configure:5626: checking for /usr/bin/ld option to reload object files
configure:5633: result: -r
configure:5707: checking for objdump
configure:5723: found /usr/bin/objdump
configure:5734: result: objdump
configure:5766: checking how to recognize dependent libraries
configure:5968: result: pass_all
configure:6053: checking for dlltool
configure:6083: result: no
configure:6113: checking how to associate runtime and link libraries
configure:6140: result: printf %s\n
configure:6264: checking for archiver @FILE support
configure:6281: g++ -c -g -O2  conftest.cpp >&5
configure:6281: $? = 0
configure:6284: ar cru libconftest.a @conftest.lst >&5
configure:6287: $? = 0
configure:6292: ar cru libconftest.a @conftest.lst >&5
ar: conftest.o: No such file or directory
configure:6295: $? = 1
configure:6307: result: @
configure:6365: checking for strip
configure:6381: found /usr/bin/strip
configure:6392: result: strip
configure:6464: checking for ranlib
configure:6480: found /usr/bin/ranlib
configure:6491: result: ranlib
configure:6593: checking command to parse /usr/bin/nm -B output from gcc object
configure:6713: g++ -c -g -O2  conftest.cpp >&5
configure:6716: $? = 0
configure:6720: /usr/bin/nm -B conftest.o \| sed -n -e 's/^.*[ ]\([ABCDGIRSTW][ABCDGIRSTW]*\)[ ][ ]*\([_A-Za-z][_A-Za-z0-9]*\)$/\1 \2 \2/p' | sed '/ __gnu_lto/d' \> conftest.nm
configure:6723: $? = 0
configure:6789: g++ -o conftest -g -O2   conftest.cpp conftstm.o >&5
configure:6792: $? = 0
configure:6830: result: ok
configure:6867: checking for sysroot
configure:6897: result: no
configure:6975: g++ -c -g -O2  conftest.cpp >&5
configure:6978: $? = 0
configure:7160: checking for mt
configure:7176: found /bin/mt
configure:7187: result: mt
configure:7210: checking if mt is a manifest tool
configure:7216: mt '-?'
configure:7224: result: no
configure:7866: checking how to run the C preprocessor
configure:7897: gcc -E  conftest.c
configure:7897: $? = 0
configure:7911: gcc -E  conftest.c
conftest.c:11:28: fatal error: ac_nonexistent.h: No such file or directory
compilation terminated.
configure:7911: $? = 1
configure: failed program was:
| /* confdefs.h */
| #define PACKAGE_NAME "primesieve"
| #define PACKAGE_TARNAME "primesieve"
| #define PACKAGE_VERSION "5.2"
| #define PACKAGE_STRING "primesieve 5.2"
| #define PACKAGE_BUGREPORT "kim.walisch@gmail.com"
| #define PACKAGE_URL ""
| #define PACKAGE "primesieve"
| #define VERSION "5.2"
| /* end confdefs.h.  */
| #include <ac_nonexistent.h>
configure:7936: result: gcc -E
configure:7956: gcc -E  conftest.c
configure:7956: $? = 0
configure:7970: gcc -E  conftest.c
conftest.c:11:28: fatal error: ac_nonexistent.h: No such file or directory
compilation terminated.
configure:7970: $? = 1
configure: failed program was:
| /* confdefs.h */
| #define PACKAGE_NAME "primesieve"
| #define PACKAGE_TARNAME "primesieve"
| #define PACKAGE_VERSION "5.2"
| #define PACKAGE_STRING "primesieve 5.2"
| #define PACKAGE_BUGREPORT "kim.walisch@gmail.com"
| #define PACKAGE_URL ""
| #define PACKAGE "primesieve"
| #define VERSION "5.2"
| /* end confdefs.h.  */
| #include <ac_nonexistent.h>
configure:7999: checking for ANSI C header files
configure:8019: gcc -c -g -O2  conftest.c >&5
configure:8019: $? = 0
configure:8092: gcc -o conftest -g -O2   conftest.c  >&5
configure:8092: $? = 0
configure:8092: ./conftest
configure:8092: $? = 0
configure:8103: result: yes
configure:8116: checking for sys/types.h
configure:8116: gcc -c -g -O2  conftest.c >&5
configure:8116: $? = 0
configure:8116: result: yes
configure:8116: checking for sys/stat.h
configure:8116: gcc -c -g -O2  conftest.c >&5
configure:8116: $? = 0
configure:8116: result: yes
configure:8116: checking for stdlib.h
configure:8116: gcc -c -g -O2  conftest.c >&5
configure:8116: $? = 0
configure:8116: result: yes
configure:8116: checking for string.h
configure:8116: gcc -c -g -O2  conftest.c >&5
configure:8116: $? = 0
configure:8116: result: yes
configure:8116: checking for memory.h
configure:8116: gcc -c -g -O2  conftest.c >&5
configure:8116: $? = 0
configure:8116: result: yes
configure:8116: checking for strings.h
configure:8116: gcc -c -g -O2  conftest.c >&5
configure:8116: $? = 0
configure:8116: result: yes
configure:8116: checking for inttypes.h
configure:8116: gcc -c -g -O2  conftest.c >&5
configure:8116: $? = 0
configure:8116: result: yes
configure:8116: checking for stdint.h
configure:8116: gcc -c -g -O2  conftest.c >&5
configure:8116: $? = 0
configure:8116: result: yes
configure:8116: checking for unistd.h
configure:8116: gcc -c -g -O2  conftest.c >&5
configure:8116: $? = 0
configure:8116: result: yes
configure:8130: checking for dlfcn.h
configure:8130: gcc -c -g -O2  conftest.c >&5
configure:8130: $? = 0
configure:8130: result: yes
configure:8346: checking for objdir
configure:8361: result: .libs
configure:8632: checking if gcc supports -fno-rtti -fno-exceptions
configure:8650: gcc -c -g -O2  -fno-rtti -fno-exceptions conftest.c >&5
cc1: warning: command line option '-fno-rtti' is valid for C++/ObjC++ but not for C [enabled by default]
configure:8654: $? = 0
configure:8667: result: no
configure:8994: checking for gcc option to produce PIC
configure:9001: result: -fPIC -DPIC
configure:9009: checking if gcc PIC flag -fPIC -DPIC works
configure:9027: gcc -c -g -O2  -fPIC -DPIC -DPIC conftest.c >&5
configure:9031: $? = 0
configure:9044: result: yes
configure:9073: checking if gcc static flag -static works
configure:9101: result: yes
configure:9116: checking if gcc supports -c -o file.o
configure:9137: gcc -c -g -O2  -o out/conftest2.o conftest.c >&5
configure:9141: $? = 0
configure:9163: result: yes
configure:9171: checking if gcc supports -c -o file.o
configure:9218: result: yes
configure:9251: checking whether the gcc linker (/usr/bin/ld -m elf_x86_64) supports shared libraries
configure:10404: result: yes
configure:10441: checking whether -lc should be explicitly linked in
configure:10449: gcc -c -g -O2  conftest.c >&5
configure:10452: $? = 0
configure:10467: gcc -shared  -fPIC -DPIC conftest.o  -v -Wl,-soname -Wl,conftest -o conftest 2\>\&1 \| /bin/grep  -lc  \>/dev/null 2\>\&1
configure:10470: $? = 0
configure:10484: result: no
configure:10644: checking dynamic linker characteristics
configure:11155: gcc -o conftest -g -O2   -Wl,-rpath -Wl,/foo conftest.c  >&5
configure:11155: $? = 0
configure:11381: result: GNU/Linux ld.so
configure:11488: checking how to hardcode library paths into programs
configure:11513: result: immediate
configure:12053: checking whether stripping libraries is possible
configure:12058: result: yes
configure:12093: checking if libtool supports shared libraries
configure:12095: result: yes
configure:12098: checking whether to build shared libraries
configure:12119: result: yes
configure:12122: checking whether to build static libraries
configure:12126: result: yes
configure:12149: checking how to run the C++ preprocessor
configure:12176: g++ -E  conftest.cpp
configure:12176: $? = 0
configure:12190: g++ -E  conftest.cpp
conftest.cpp:23:28: fatal error: ac_nonexistent.h: No such file or directory
compilation terminated.
configure:12190: $? = 1
configure: failed program was:
| /* confdefs.h */
| #define PACKAGE_NAME "primesieve"
| #define PACKAGE_TARNAME "primesieve"
| #define PACKAGE_VERSION "5.2"
| #define PACKAGE_STRING "primesieve 5.2"
| #define PACKAGE_BUGREPORT "kim.walisch@gmail.com"
| #define PACKAGE_URL ""
| #define PACKAGE "primesieve"
| #define VERSION "5.2"
| #define STDC_HEADERS 1
| #define HAVE_SYS_TYPES_H 1
| #define HAVE_SYS_STAT_H 1
| #define HAVE_STDLIB_H 1
| #define HAVE_STRING_H 1
| #define HAVE_MEMORY_H 1
| #define HAVE_STRINGS_H 1
| #define HAVE_INTTYPES_H 1
| #define HAVE_STDINT_H 1
| #define HAVE_UNISTD_H 1
| #define HAVE_DLFCN_H 1
| #define LT_OBJDIR ".libs/"
| /* end confdefs.h.  */
| #include <ac_nonexistent.h>
configure:12215: result: g++ -E
configure:12235: g++ -E  conftest.cpp
configure:12235: $? = 0
configure:12249: g++ -E  conftest.cpp
conftest.cpp:23:28: fatal error: ac_nonexistent.h: No such file or directory
compilation terminated.
configure:12249: $? = 1
configure: failed program was:
| /* confdefs.h */
| #define PACKAGE_NAME "primesieve"
| #define PACKAGE_TARNAME "primesieve"
| #define PACKAGE_VERSION "5.2"
| #define PACKAGE_STRING "primesieve 5.2"
| #define PACKAGE_BUGREPORT "kim.walisch@gmail.com"
| #define PACKAGE_URL ""
| #define PACKAGE "primesieve"
| #define VERSION "5.2"
| #define STDC_HEADERS 1
| #define HAVE_SYS_TYPES_H 1
| #define HAVE_SYS_STAT_H 1
| #define HAVE_STDLIB_H 1
| #define HAVE_STRING_H 1
| #define HAVE_MEMORY_H 1
| #define HAVE_STRINGS_H 1
| #define HAVE_INTTYPES_H 1
| #define HAVE_STDINT_H 1
| #define HAVE_UNISTD_H 1
| #define HAVE_DLFCN_H 1
| #define LT_OBJDIR ".libs/"
| /* end confdefs.h.  */
| #include <ac_nonexistent.h>
configure:12418: checking for ld used by g++
configure:12485: result: /usr/bin/ld -m elf_x86_64
configure:12492: checking if the linker (/usr/bin/ld -m elf_x86_64) is GNU ld
configure:12507: result: yes
configure:12562: checking whether the g++ linker (/usr/bin/ld -m elf_x86_64) supports shared libraries
configure:13567: result: yes
configure:13603: g++ -c -g -O2  conftest.cpp >&5
configure:13606: $? = 0
configure:14126: checking for g++ option to produce PIC
configure:14133: result: -fPIC -DPIC
configure:14141: checking if g++ PIC flag -fPIC -DPIC works
configure:14159: g++ -c -g -O2  -fPIC -DPIC -DPIC conftest.cpp >&5
configure:14163: $? = 0
configure:14176: result: yes
configure:14199: checking if g++ static flag -static works
configure:14227: result: yes
configure:14239: checking if g++ supports -c -o file.o
configure:14260: g++ -c -g -O2  -o out/conftest2.o conftest.cpp >&5
configure:14264: $? = 0
configure:14286: result: yes
configure:14291: checking if g++ supports -c -o file.o
configure:14338: result: yes
configure:14368: checking whether the g++ linker (/usr/bin/ld -m elf_x86_64) supports shared libraries
configure:14404: result: yes
configure:14545: checking dynamic linker characteristics
configure:15216: result: GNU/Linux ld.so
configure:15269: checking how to hardcode library paths into programs
configure:15294: result: immediate
configure:15551: checking that generated files are newer than configure
configure:15557: result: done
configure:15600: creating ./config.status

## ---------------------- ##
## Running config.status. ##
## ---------------------- ##

This file was extended by primesieve config.status 5.2, which was
generated by GNU Autoconf 2.69.  Invocation command line was

  CONFIG_FILES    = 
  CONFIG_HEADERS  = 
  CONFIG_LINKS    = 
  CONFIG_COMMANDS = 
  $ ./config.status 

on jwright-awesome-sauce

config.status:1153: creating Makefile
config.status:1153: creating config.h
config.status:1334: config.h is unchanged
config.status:1382: executing depfiles commands
config.status:1382: executing libtool commands
configure:18091: NOTICE: using L1_DCACHE_SIZE=32 (kilobytes)
configure:18100: NOTICE: using SIEVESIZE=32 (kilobytes)

## ---------------- ##
## Cache variables. ##
## ---------------- ##

ac_cv_build=x86_64-unknown-linux-gnu
ac_cv_c_compiler_gnu=yes
ac_cv_cxx_compiler_gnu=yes
ac_cv_env_CCC_set=
ac_cv_env_CCC_value=
ac_cv_env_CC_set=
ac_cv_env_CC_value=
ac_cv_env_CFLAGS_set=
ac_cv_env_CFLAGS_value=
ac_cv_env_CPPFLAGS_set=
ac_cv_env_CPPFLAGS_value=
ac_cv_env_CPP_set=
ac_cv_env_CPP_value=
ac_cv_env_CXXCPP_set=
ac_cv_env_CXXCPP_value=
ac_cv_env_CXXFLAGS_set=
ac_cv_env_CXXFLAGS_value=
ac_cv_env_CXX_set=
ac_cv_env_CXX_value=
ac_cv_env_L1_DCACHE_SIZE_set=
ac_cv_env_L1_DCACHE_SIZE_value=
ac_cv_env_LDFLAGS_set=
ac_cv_env_LDFLAGS_value=
ac_cv_env_LIBS_set=
ac_cv_env_LIBS_value=
ac_cv_env_SIEVESIZE_set=
ac_cv_env_SIEVESIZE_value=
ac_cv_env_build_alias_set=
ac_cv_env_build_alias_value=
ac_cv_env_host_alias_set=
ac_cv_env_host_alias_value=
ac_cv_env_target_alias_set=
ac_cv_env_target_alias_value=
ac_cv_header_dlfcn_h=yes
ac_cv_header_inttypes_h=yes
ac_cv_header_memory_h=yes
ac_cv_header_stdc=yes
ac_cv_header_stdint_h=yes
ac_cv_header_stdlib_h=yes
ac_cv_header_string_h=yes
ac_cv_header_strings_h=yes
ac_cv_header_sys_stat_h=yes
ac_cv_header_sys_types_h=yes
ac_cv_header_unistd_h=yes
ac_cv_host=x86_64-unknown-linux-gnu
ac_cv_objext=o
ac_cv_path_EGREP='/bin/grep -E'
ac_cv_path_FGREP='/bin/grep -F'
ac_cv_path_GREP=/bin/grep
ac_cv_path_SED=/bin/sed
ac_cv_path_install='/usr/bin/install -c'
ac_cv_path_mkdir=/bin/mkdir
ac_cv_prog_AWK=mawk
ac_cv_prog_CPP='gcc -E'
ac_cv_prog_CXXCPP='g++ -E'
ac_cv_prog_ac_ct_AR=ar
ac_cv_prog_ac_ct_CC=gcc
ac_cv_prog_ac_ct_CXX=g++
ac_cv_prog_ac_ct_MANIFEST_TOOL=mt
ac_cv_prog_ac_ct_OBJDUMP=objdump
ac_cv_prog_ac_ct_RANLIB=ranlib
ac_cv_prog_ac_ct_STRIP=strip
ac_cv_prog_cc_c89=
ac_cv_prog_cc_g=yes
ac_cv_prog_cc_gcc_c_o=yes
ac_cv_prog_cxx_g=yes
ac_cv_prog_cxx_openmp=-fopenmp
ac_cv_prog_make_make_set=yes
am_cv_CC_dependencies_compiler_type=gcc3
am_cv_CXX_dependencies_compiler_type=gcc3
am_cv_ar_interface=ar
am_cv_make_support_nested_variables=yes
lt_cv_ar_at_file=@
lt_cv_archive_cmds_need_lc=no
lt_cv_deplibs_check_method=pass_all
lt_cv_file_magic_cmd='$MAGIC_CMD'
lt_cv_file_magic_test_file=
lt_cv_ld_reload_flag=-r
lt_cv_nm_interface='BSD nm'
lt_cv_objdir=.libs
lt_cv_path_LD=/usr/bin/ld
lt_cv_path_LDCXX='/usr/bin/ld -m elf_x86_64'
lt_cv_path_NM='/usr/bin/nm -B'
lt_cv_path_mainfest_tool=no
lt_cv_prog_compiler_c_o=yes
lt_cv_prog_compiler_c_o_CXX=yes
lt_cv_prog_compiler_pic='-fPIC -DPIC'
lt_cv_prog_compiler_pic_CXX='-fPIC -DPIC'
lt_cv_prog_compiler_pic_works=yes
lt_cv_prog_compiler_pic_works_CXX=yes
lt_cv_prog_compiler_rtti_exceptions=no
lt_cv_prog_compiler_static_works=yes
lt_cv_prog_compiler_static_works_CXX=yes
lt_cv_prog_gnu_ld=yes
lt_cv_prog_gnu_ldcxx=yes
lt_cv_sharedlib_from_linklib_cmd='printf %s\n'
lt_cv_shlibpath_overrides_runpath=no
lt_cv_sys_global_symbol_pipe='sed -n -e '\''s/^.*[	 ]\([ABCDGIRSTW][ABCDGIRSTW]*\)[	 ][	 ]*\([_A-Za-z][_A-Za-z0-9]*\)$/\1 \2 \2/p'\'' | sed '\''/ __gnu_lto/d'\'''
lt_cv_sys_global_symbol_to_c_name_address='sed -n -e '\''s/^: \([^ ]*\)[ ]*$/  {\"\1\", (void *) 0},/p'\'' -e '\''s/^[ABCDGIRSTW]* \([^ ]*\) \([^ ]*\)$/  {"\2", (void *) \&\2},/p'\'''
lt_cv_sys_global_symbol_to_c_name_address_lib_prefix='sed -n -e '\''s/^: \([^ ]*\)[ ]*$/  {\"\1\", (void *) 0},/p'\'' -e '\''s/^[ABCDGIRSTW]* \([^ ]*\) \(lib[^ ]*\)$/  {"\2", (void *) \&\2},/p'\'' -e '\''s/^[ABCDGIRSTW]* \([^ ]*\) \([^ ]*\)$/  {"lib\2", (void *) \&\2},/p'\'''
lt_cv_sys_global_symbol_to_cdecl='sed -n -e '\''s/^T .* \(.*\)$/extern int \1();/p'\'' -e '\''s/^[ABCDGIRSTW]* .* \(.*\)$/extern char \1;/p'\'''
lt_cv_sys_max_cmd_len=3458764513820540925
lt_cv_to_host_file_cmd=func_convert_file_noop
lt_cv_to_tool_file_cmd=func_convert_file_noop

## ----------------- ##
## Output variables. ##
## ----------------- ##

ACLOCAL='${SHELL} /home/jwright/workspaces/school/cse539-project-2/primesieve-5.2/missing aclocal-1.13'
AMDEPBACKSLASH='\'
AMDEP_FALSE='#'
AMDEP_TRUE=''
AMTAR='$${TAR-tar}'
AM_BACKSLASH='\'
AM_DEFAULT_V='$(AM_DEFAULT_VERBOSITY)'
AM_DEFAULT_VERBOSITY='1'
AM_V='$(V)'
AR='ar'
AUTOCONF='${SHELL} /home/jwright/workspaces/school/cse539-project-2/primesieve-5.2/missing autoconf'
AUTOHEADER='${SHELL} /home/jwright/workspaces/school/cse539-project-2/primesieve-5.2/missing autoheader'
AUTOMAKE='${SHELL} /home/jwright/workspaces/school/cse539-project-2/primesieve-5.2/missing automake-1.13'
AWK='mawk'
CC='gcc'
CCDEPMODE='depmode=gcc3'
CFLAGS='-g -O2'
CPP='gcc -E'
CPPFLAGS=''
CXX='g++'
CXXCPP='g++ -E'
CXXDEPMODE='depmode=gcc3'
CXXFLAGS='-g -O2'
CYGPATH_W='echo'
DEFS='-DHAVE_CONFIG_H'
DEPDIR='.deps'
DLLTOOL='false'
DSYMUTIL=''
DUMPBIN=''
ECHO_C=''
ECHO_N='-n'
ECHO_T=''
EGREP='/bin/grep -E'
EXEEXT=''
FGREP='/bin/grep -F'
FORCE_SHARED_LIBRARY_FALSE=''
FORCE_SHARED_LIBRARY_TRUE='#'
GREP='/bin/grep'
INSTALL_DATA='${INSTALL} -m 644'
INSTALL_PROGRAM='${INSTALL}'
INSTALL_SCRIPT='${INSTALL}'
INSTALL_STRIP_PROGRAM='$(install_sh) -c -s'
L1_DCACHE_SIZE='32'
LD='/usr/bin/ld -m elf_x86_64'
LDFLAGS=''
LIBOBJS=''
LIBS=''
LIBTOOL='$(SHELL) $(top_builddir)/libtool'
LIPO=''
LN_S='ln -s'
LTLIBOBJS=''
MAKEINFO='${SHELL} /home/jwright/workspaces/school/cse539-project-2/primesieve-5.2/missing makeinfo'
MAKE_EXAMPLES_FALSE=''
MAKE_EXAMPLES_TRUE='#'
MANIFEST_TOOL=':'
MKDIR_P='/bin/mkdir -p'
NM='/usr/bin/nm -B'
NMEDIT=''
OBJDUMP='objdump'
OBJEXT='o'
OPENMP_CXXFLAGS='-fopenmp'
OTOOL64=''
OTOOL=''
PACKAGE='primesieve'
PACKAGE_BUGREPORT='kim.walisch@gmail.com'
PACKAGE_NAME='primesieve'
PACKAGE_STRING='primesieve 5.2'
PACKAGE_TARNAME='primesieve'
PACKAGE_URL=''
PACKAGE_VERSION='5.2'
PATH_SEPARATOR=':'
RANLIB='ranlib'
SED='/bin/sed'
SET_MAKE=''
SHELL='/bin/bash'
SIEVESIZE='32'
STRIP='strip'
VERSION='5.2'
ac_ct_AR='ar'
ac_ct_CC='gcc'
ac_ct_CXX='g++'
ac_ct_DUMPBIN=''
am__EXEEXT_FALSE=''
am__EXEEXT_TRUE='#'
am__fastdepCC_FALSE='#'
am__fastdepCC_TRUE=''
am__fastdepCXX_FALSE='#'
am__fastdepCXX_TRUE=''
am__include='include'
am__isrc=''
am__leading_dot='.'
am__nodep='_no'
am__quote=''
am__tar='$${TAR-tar} chof - "$$tardir"'
am__untar='$${TAR-tar} xf -'
bindir='${exec_prefix}/bin'
build='x86_64-unknown-linux-gnu'
build_alias=''
build_cpu='x86_64'
build_os='linux-gnu'
build_vendor='unknown'
datadir='${datarootdir}'
datarootdir='${prefix}/share'
docdir='${datarootdir}/doc/${PACKAGE_TARNAME}'
dvidir='${docdir}'
exec_prefix='${prefix}'
host='x86_64-unknown-linux-gnu'
host_alias=''
host_cpu='x86_64'
host_os='linux-gnu'
host_vendor='unknown'
htmldir='${docdir}'
includedir='${prefix}/include'
infodir='${datarootdir}/info'
install_sh='${SHELL} /home/jwright/workspaces/school/cse539-project-2/primesieve-5.2/install-sh'
libdir='${exec_prefix}/lib'
libexecdir='${exec_prefix}/libexec'
localedir='${datarootdir}/locale'
localstatedir='${prefix}/var'
mandir='${datarootdir}/man'
mkdir_p='$(MKDIR_P)'
oldincludedir='/usr/include'
pdfdir='${docdir}'
prefix='/home/jwright/workspaces/school/cse539-project-2/dependencies'
primesieve_lib_version='3:0:0'
program_transform_name='s,x,x,'
psdir='${docdir}'
sbindir='${exec_prefix}/sbin'
sharedstatedir='${prefix}/com'
sysconfdir='${prefix}/etc'
target_alias=''

## ----------- ##
## confdefs.h. ##
## ----------- ##

/* confdefs.h */
#define PACKAGE_NAME "primesieve"
#define PACKAGE_TARNAME "primesieve"
#define PACKAGE_VERSION "5.2"
#define PACKAGE_STRING "primesieve 5.2"
#define PACKAGE_BUGREPORT "kim.walisch@gmail.com"
#define PACKAGE_URL ""
#define PACKAGE "primesieve"
#define VERSION "5.2"
#define STDC_HEADERS 1
#define HAVE_SYS_TYPES_H 1
#define HAVE_SYS_STAT_H 1
#define HAVE_STDLIB_H 1
#define HAVE_STRING_H 1
#define HAVE_MEMORY_H 1
#define HAVE_STRINGS_H 1
#define HAVE_INTTYPES_H 1
#define HAVE_STDINT_H 1
#define HAVE_UNISTD_H 1
#define HAVE_DLFCN_H 1
#define LT_OBJDIR ".libs/"
#define L1_DCACHE_SIZE 32
#define SIEVESIZE 32

configure: exit 0
